[    1464ms] [LOG] %c
░░░░░░░░░░░░░░░░░░░░░░░░░░░░░░░░░░░░░░░░░░░░░░░░░░░░░░░░░░░░░░░░
░░░░░░░░░░░░░░░░░░░░░░░░░░░░░░░░░░░░░░░░░░░░░░░░░░░░░░░░░░░░░░░░
░░░░░░░░░░░░░░░░░░░░░░ SUBSTACK WANTS YOU ░░░░░░░░░░░░░░░░░░░░░░
░░░░░░░░░░░░░░░░░░░░░░░░░░░░░░░░░░░░░░░░░░░░░░░░░░░░░░░░░░░░░░░░
░░░░░░░░░░░░░░░░░░░░░░░░░░░░░░░░░░░░░░░░░░░░░░░░░░░░░░░░░░░░░░░░
░░░░░░░░░░░░░░░▓▓▓▓▓▓▓▓▓▓▓▓▓▓▓▓▓▓▓▓▓▓▓▓▓▓▓▓▓▓▓▓▓▓░░░░░░░░░░░░░░░
░░░░░░░░░░░░░░░▓▓▓▓▓▓▓▓▓▓▓▓▓▓▓▓▓▓▓▓▓▓▓▓▓▓▓▓▓▓▓▓▓▓░░░░░░░░░░░░░░░
░░░░░░░░░░░░░░░░░░░░░░░░░░░░░░░░░░░░░░░░░░░░░░░░░░░░░░░░░░░░░░░░
░░░░░░░░░░░░░░░▓▓▓▓▓▓▓▓▓▓▓▓▓▓▓▓▓▓▓▓▓▓▓▓▓▓▓▓▓▓▓▓▓▓░░░░░░░░░░░░░░░
░░░░░░░░░░░░░░░▓▓▓▓▓▓▓▓▓▓▓▓▓▓▓▓▓▓▓▓▓▓▓▓▓▓▓▓▓▓▓▓▓▓░░░░░░░░░░░░░░░
░░░░░░░░░░░░░░░░░░░░░░░░░░░░░░░░░░░░░░░░░░░░░░░░░░░░░░░░░░░░░░░░
░░░░░░░░░░░░░░░▓▓▓▓▓▓▓▓▓▓▓▓▓▓▓▓▓▓▓▓▓▓▓▓▓▓▓▓▓▓▓▓▓▓░░░░░░░░░░░░░░░
░░░░░░░░░░░░░░░▓▓▓▓▓▓▓▓▓▓▓▓▓▓▓▓▓▓▓▓▓▓▓▓▓▓▓▓▓▓▓▓▓▓░░░░░░░░░░░░░░░
░░░░░░░░░░░░░░░▓▓▓▓▓▓▓▓▓▓▓▓▓▓▓▓▓▓▓▓▓▓▓▓▓▓▓▓▓▓▓▓▓▓░░░░░░░░░░░░░░░
░░░░░░░░░░░░░░░▓▓▓▓▓▓▓▓▓▓▓▓▓▓▓▓▓▓▓▓▓▓▓▓▓▓▓▓▓▓▓▓▓▓░░░░░░░░░░░░░░░
░░░░░░░░░░░░░░░▓▓▓▓▓▓▓▓▓▓▓▓▓▓▓▓▓▓▓▓▓▓▓▓▓▓▓▓▓▓▓▓▓▓░░░░░░░░░░░░░░░
░░░░░░░░░░░░░░░▓▓▓▓▓▓▓▓▓▓▓▓▓▓▓▓▓▓▓▓▓▓▓▓▓▓▓▓▓▓▓▓▓▓░░░░░░░░░░░░░░░
░░░░░░░░░░░░░░░▓▓▓▓▓▓▓▓▓▓▓▓▓▓▓▒▒▒▒▓▓▓▓▓▓▓▓▓▓▓▓▓▓▓░░░░░░░░░░░░░░░
░░░░░░░░░░░░░░░▓▓▓▓▓▓▓▓▓▓▓▓▒░░░░░░░░▒▓▓▓▓▓▓▓▓▓▓▓▓░░░░░░░░░░░░░░░
░░░░░░░░░░░░░░░▓▓▓▓▓▓▓▓▒▒░░░░░░░░░░░░░░▒▒▓▓▓▓▓▓▓▓░░░░░░░░░░░░░░░
░░░░░░░░░░░░░░░▓▓▓▓▓▒░░░░░░░░░░░░░░░░░░░░░░▒▓▓▓▓▓░░░░░░░░░░░░░░░
░░░░░░░░░░░░░░░▓▒░░░░░░░░░░░░░░░░░░░░░░░░░░░░░░▒▓░░░░░░░░░░░░░░░
░░░░░░░░░░░░░░░░░░░░░░░░░░░░░░░░░░░░░░░░░░░░░░░░░░░░░░░░░░░░░░░░
░░░░░░░░░░░░░░░░░░░░░░░░░░░░░░░░░░░░░░░░░░░░░░░░░░░░░░░░░░░░░░░░
░░░░░░░░░░ TO BUILD A NEW ECONOMIC ENGINE FOR CULTURE ░░░░░░░░░░
░░░░░░░░░░░░░░░░░░░░░░░░░░░░░░░░░░░░░░░░░░░░░░░░░░░░░░░░░░░░░░░░
░░░░░░░░░░░░░░░░░░░░░░░░░░░░░░░░░░░░░░░░░░░░░░░░░░░░░░░░░░░░░░░░
                   https://substack.com/jobs
 font-family:monospace @ https://substackcdn.com/bundle/static/js/main.860cf370.js:0
[    2580ms] [INFO] Loading the script 'https://js.sentry-cdn.com/6c2ff3e3828e4017b7faf7b63e24cdf8.min.js' violates the following Content Security Policy directive: "script-src 'unsafe-inline' 'unsafe-eval'". Note that 'script-src-elem' was not explicitly set, so 'script-src' is used as a fallback. The policy is report-only, so the violation has been logged but no further action has been taken. @ https://substack.com/session-attribution-frame:0
[    2625ms] [INFO] Loading the script 'https://substackcdn.com/bundle/static/js/92520.0c5ae1da.js' violates the following Content Security Policy directive: "script-src 'unsafe-inline' 'unsafe-eval'". Note that 'script-src-elem' was not explicitly set, so 'script-src' is used as a fallback. The policy is report-only, so the violation has been logged but no further action has been taken. @ https://substack.com/session-attribution-frame:0
[    2625ms] [INFO] Loading the script 'https://substackcdn.com/bundle/static/js/57539.a3e8f7e3.js' violates the following Content Security Policy directive: "script-src 'unsafe-inline' 'unsafe-eval'". Note that 'script-src-elem' was not explicitly set, so 'script-src' is used as a fallback. The policy is report-only, so the violation has been logged but no further action has been taken. @ https://substack.com/session-attribution-frame:0
[    2625ms] [INFO] Loading the script 'https://substackcdn.com/bundle/static/js/97434.807c4f8e.js' violates the following Content Security Policy directive: "script-src 'unsafe-inline' 'unsafe-eval'". Note that 'script-src-elem' was not explicitly set, so 'script-src' is used as a fallback. The policy is report-only, so the violation has been logged but no further action has been taken. @ https://substack.com/session-attribution-frame:0
[    2625ms] [INFO] Loading the script 'https://substackcdn.com/bundle/static/js/68965.15507e8f.js' violates the following Content Security Policy directive: "script-src 'unsafe-inline' 'unsafe-eval'". Note that 'script-src-elem' was not explicitly set, so 'script-src' is used as a fallback. The policy is report-only, so the violation has been logged but no further action has been taken. @ https://substack.com/session-attribution-frame:0
[    2625ms] [INFO] Loading the script 'https://substackcdn.com/bundle/static/js/5376.42e942be.js' violates the following Content Security Policy directive: "script-src 'unsafe-inline' 'unsafe-eval'". Note that 'script-src-elem' was not explicitly set, so 'script-src' is used as a fallback. The policy is report-only, so the violation has been logged but no further action has been taken. @ https://substack.com/session-attribution-frame:0
[    2625ms] [INFO] Loading the script 'https://substackcdn.com/bundle/static/js/73373.c67412da.js' violates the following Content Security Policy directive: "script-src 'unsafe-inline' 'unsafe-eval'". Note that 'script-src-elem' was not explicitly set, so 'script-src' is used as a fallback. The policy is report-only, so the violation has been logged but no further action has been taken. @ https://substack.com/session-attribution-frame:0
[    2625ms] [INFO] Loading the script 'https://substackcdn.com/bundle/static/js/7470.b6dfdae9.js' violates the following Content Security Policy directive: "script-src 'unsafe-inline' 'unsafe-eval'". Note that 'script-src-elem' was not explicitly set, so 'script-src' is used as a fallback. The policy is report-only, so the violation has been logged but no further action has been taken. @ https://substack.com/session-attribution-frame:0
[    2625ms] [INFO] Loading the script 'https://substackcdn.com/bundle/static/js/60446.578aaeed.js' violates the following Content Security Policy directive: "script-src 'unsafe-inline' 'unsafe-eval'". Note that 'script-src-elem' was not explicitly set, so 'script-src' is used as a fallback. The policy is report-only, so the violation has been logged but no further action has been taken. @ https://substack.com/session-attribution-frame:0
[    2625ms] [INFO] Loading the script 'https://substackcdn.com/bundle/static/js/82481.5c764aaa.js' violates the following Content Security Policy directive: "script-src 'unsafe-inline' 'unsafe-eval'". Note that 'script-src-elem' was not explicitly set, so 'script-src' is used as a fallback. The policy is report-only, so the violation has been logged but no further action has been taken. @ https://substack.com/session-attribution-frame:0
[    2625ms] [INFO] Loading the script 'https://substackcdn.com/bundle/static/js/sessionAttributionFrame.4152f74d.js' violates the following Content Security Policy directive: "script-src 'unsafe-inline' 'unsafe-eval'". Note that 'script-src-elem' was not explicitly set, so 'script-src' is used as a fallback. The policy is report-only, so the violation has been logged but no further action has been taken. @ https://substack.com/session-attribution-frame:0
[    2625ms] [INFO] Loading the script 'https://www.datadoghq-browser-agent.com/us1/v5/datadog-rum.js' violates the following Content Security Policy directive: "script-src 'unsafe-inline' 'unsafe-eval'". Note that 'script-src-elem' was not explicitly set, so 'script-src' is used as a fallback. The policy is report-only, so the violation has been logged but no further action has been taken. @ https://substack.com/session-attribution-frame:257
[    2626ms] [INFO] Loading the script 'https://static.cloudflareinsights.com/beacon.min.js' violates the following Content Security Policy directive: "script-src 'unsafe-inline' 'unsafe-eval'". Note that 'script-src-elem' was not explicitly set, so 'script-src' is used as a fallback. The policy is report-only, so the violation has been logged but no further action has been taken. @ https://substack.com/session-attribution-frame:0
[    2648ms] [LOG] %c
░░░░░░░░░░░░░░░░░░░░░░░░░░░░░░░░░░░░░░░░░░░░░░░░░░░░░░░░░░░░░░░░
░░░░░░░░░░░░░░░░░░░░░░░░░░░░░░░░░░░░░░░░░░░░░░░░░░░░░░░░░░░░░░░░
░░░░░░░░░░░░░░░░░░░░░░ SUBSTACK WANTS YOU ░░░░░░░░░░░░░░░░░░░░░░
░░░░░░░░░░░░░░░░░░░░░░░░░░░░░░░░░░░░░░░░░░░░░░░░░░░░░░░░░░░░░░░░
░░░░░░░░░░░░░░░░░░░░░░░░░░░░░░░░░░░░░░░░░░░░░░░░░░░░░░░░░░░░░░░░
░░░░░░░░░░░░░░░▓▓▓▓▓▓▓▓▓▓▓▓▓▓▓▓▓▓▓▓▓▓▓▓▓▓▓▓▓▓▓▓▓▓░░░░░░░░░░░░░░░
░░░░░░░░░░░░░░░▓▓▓▓▓▓▓▓▓▓▓▓▓▓▓▓▓▓▓▓▓▓▓▓▓▓▓▓▓▓▓▓▓▓░░░░░░░░░░░░░░░
░░░░░░░░░░░░░░░░░░░░░░░░░░░░░░░░░░░░░░░░░░░░░░░░░░░░░░░░░░░░░░░░
░░░░░░░░░░░░░░░▓▓▓▓▓▓▓▓▓▓▓▓▓▓▓▓▓▓▓▓▓▓▓▓▓▓▓▓▓▓▓▓▓▓░░░░░░░░░░░░░░░
░░░░░░░░░░░░░░░▓▓▓▓▓▓▓▓▓▓▓▓▓▓▓▓▓▓▓▓▓▓▓▓▓▓▓▓▓▓▓▓▓▓░░░░░░░░░░░░░░░
░░░░░░░░░░░░░░░░░░░░░░░░░░░░░░░░░░░░░░░░░░░░░░░░░░░░░░░░░░░░░░░░
░░░░░░░░░░░░░░░▓▓▓▓▓▓▓▓▓▓▓▓▓▓▓▓▓▓▓▓▓▓▓▓▓▓▓▓▓▓▓▓▓▓░░░░░░░░░░░░░░░
░░░░░░░░░░░░░░░▓▓▓▓▓▓▓▓▓▓▓▓▓▓▓▓▓▓▓▓▓▓▓▓▓▓▓▓▓▓▓▓▓▓░░░░░░░░░░░░░░░
░░░░░░░░░░░░░░░▓▓▓▓▓▓▓▓▓▓▓▓▓▓▓▓▓▓▓▓▓▓▓▓▓▓▓▓▓▓▓▓▓▓░░░░░░░░░░░░░░░
░░░░░░░░░░░░░░░▓▓▓▓▓▓▓▓▓▓▓▓▓▓▓▓▓▓▓▓▓▓▓▓▓▓▓▓▓▓▓▓▓▓░░░░░░░░░░░░░░░
░░░░░░░░░░░░░░░▓▓▓▓▓▓▓▓▓▓▓▓▓▓▓▓▓▓▓▓▓▓▓▓▓▓▓▓▓▓▓▓▓▓░░░░░░░░░░░░░░░
░░░░░░░░░░░░░░░▓▓▓▓▓▓▓▓▓▓▓▓▓▓▓▓▓▓▓▓▓▓▓▓▓▓▓▓▓▓▓▓▓▓░░░░░░░░░░░░░░░
░░░░░░░░░░░░░░░▓▓▓▓▓▓▓▓▓▓▓▓▓▓▓▒▒▒▒▓▓▓▓▓▓▓▓▓▓▓▓▓▓▓░░░░░░░░░░░░░░░
░░░░░░░░░░░░░░░▓▓▓▓▓▓▓▓▓▓▓▓▒░░░░░░░░▒▓▓▓▓▓▓▓▓▓▓▓▓░░░░░░░░░░░░░░░
░░░░░░░░░░░░░░░▓▓▓▓▓▓▓▓▒▒░░░░░░░░░░░░░░▒▒▓▓▓▓▓▓▓▓░░░░░░░░░░░░░░░
░░░░░░░░░░░░░░░▓▓▓▓▓▒░░░░░░░░░░░░░░░░░░░░░░▒▓▓▓▓▓░░░░░░░░░░░░░░░
░░░░░░░░░░░░░░░▓▒░░░░░░░░░░░░░░░░░░░░░░░░░░░░░░▒▓░░░░░░░░░░░░░░░
░░░░░░░░░░░░░░░░░░░░░░░░░░░░░░░░░░░░░░░░░░░░░░░░░░░░░░░░░░░░░░░░
░░░░░░░░░░░░░░░░░░░░░░░░░░░░░░░░░░░░░░░░░░░░░░░░░░░░░░░░░░░░░░░░
░░░░░░░░░░ TO BUILD A NEW ECONOMIC ENGINE FOR CULTURE ░░░░░░░░░░
░░░░░░░░░░░░░░░░░░░░░░░░░░░░░░░░░░░░░░░░░░░░░░░░░░░░░░░░░░░░░░░░
░░░░░░░░░░░░░░░░░░░░░░░░░░░░░░░░░░░░░░░░░░░░░░░░░░░░░░░░░░░░░░░░
                   https://substack.com/jobs
 font-family:monospace @ https://substackcdn.com/bundle/static/js/7470.b6dfdae9.js:0
[    2649ms] [INFO] Loading the script 'https://substack.com/cdn-cgi/challenge-platform/scripts/jsd/main.js' violates the following Content Security Policy directive: "script-src 'unsafe-inline' 'unsafe-eval'". Note that 'script-src-elem' was not explicitly set, so 'script-src' is used as a fallback. The policy is report-only, so the violation has been logged but no further action has been taken. @ :0
[    2650ms] [INFO] Loading the script 'https://www.googletagmanager.com/gtag/js?id=G-TLW0DF6G5V&l=localGaDataLayer' violates the following Content Security Policy directive: "script-src 'unsafe-inline' 'unsafe-eval'". Note that 'script-src-elem' was not explicitly set, so 'script-src' is used as a fallback. The policy is report-only, so the violation has been logged but no further action has been taken. @ https://substackcdn.com/bundle/static/js/7470.b6dfdae9.js:0
[    2653ms] [INFO] Connecting to 'https://cloudflareinsights.com/cdn-cgi/rum' violates the following Content Security Policy directive: "connect-src 'none'". The policy is report-only, so the violation has been logged but no further action has been taken. @ https://www.datadoghq-browser-agent.com/us1/v5/datadog-rum.js:0
[    2691ms] [INFO] Loading the script 'https://substack.com/cdn-cgi/challenge-platform/h/b/scripts/jsd/0b8fb825cb67/main.js?' violates the following Content Security Policy directive: "script-src 'unsafe-inline' 'unsafe-eval'". Note that 'script-src-elem' was not explicitly set, so 'script-src' is used as a fallback. The policy is report-only, so the violation has been logged but no further action has been taken. @ about:blank:0
[    2734ms] [INFO] Connecting to 'https://substack.com/cdn-cgi/challenge-platform/h/b/jsd/oneshot/0b8fb825cb67/0.5765988478466813:1777497937:-HFfq0fvCcrsP0Th55mtEzNyOIGd1zeAAYN9STMigvQ/9f41a46c0c73c0f6' violates the following Content Security Policy directive: "connect-src 'none'". The policy is report-only, so the violation has been logged but no further action has been taken. @ https://substack.com/cdn-cgi/challenge-platform/scripts/jsd/main.js:0
[    2919ms] [INFO] Connecting to 'https://www.google-analytics.com/g/collect?v=2&tid=G-TLW0DF6G5V&gtm=45je64s1v880777354za200zd880777354&_p=1777500685222&gcd=13l3l3l3l1l1&npa=0&dma=0&are=1&cid=536555209.1777500685&frm=2&pscdl=noapi&rcb=18&sr=1280x900&uaa=arm&uab=64&uafvl=Google%2520Chrome%3B147.0.7727.119%7CNot.A%252FBrand%3B8.0.0.0%7CChromium%3B147.0.7727.119&uam=&uamb=0&uap=macOS&uapv=26.3.1&uaw=0&ul=en-us&_s=1&tag_exp=0~115938465~115938469~116363097~117266400~117384406~117512542~118463261&sid=1777500685&sct=1&seg=0&dl=https%3A%2F%2Fsubstack.com%2Fsession-attribution-frame&dr=https%3A%2F%2Flatentmind.substack.com%2F&dt=&en=page_view&_fv=1&_nsi=1&_ss=1&_ee=1&tfd=1448' violates the following Content Security Policy directive: "connect-src 'none'". The policy is report-only, so the violation has been logged but no further action has been taken. @ https://www.datadoghq-browser-agent.com/us1/v5/datadog-rum.js:0
[    2919ms] [INFO] Connecting to 'https://www.google-analytics.com/g/collect?v=2&tid=G-TLW0DF6G5V&gtm=45je64s1v880777354za200zd880777354&_p=1777500685222&gcd=13l3l3l3l1l1&npa=0&dma=0&are=1&cid=536555209.1777500685&frm=2&pscdl=noapi&rcb=18&sr=1280x900&uaa=arm&uab=64&uafvl=Google%2520Chrome%3B147.0.7727.119%7CNot.A%252FBrand%3B8.0.0.0%7CChromium%3B147.0.7727.119&uam=&uamb=0&uap=macOS&uapv=26.3.1&uaw=0&ul=en-us&_s=1&tag_exp=0~115938465~115938469~116363097~117266400~117384406~117512542~118463261&sid=1777500685&sct=1&seg=0&dl=https%3A%2F%2Fsubstack.com%2Fsession-attribution-frame&dr=https%3A%2F%2Flatentmind.substack.com%2F&dt=&en=page_view&_fv=1&_nsi=1&_ss=1&_ee=1&tfd=1448' violates the following Content Security Policy directive: "connect-src 'none'". The policy is report-only, so the violation has been logged but no further action has been taken. @ https://www.datadoghq-browser-agent.com/us1/v5/datadog-rum.js:0
[    2920ms] [INFO] Loading the script 'https://www.googletagmanager.com/gtag/js?id=AW-316245675&l=localGaDataLayer&cx=c&gtm=4e64s1' violates the following Content Security Policy directive: "script-src 'unsafe-inline' 'unsafe-eval'". Note that 'script-src-elem' was not explicitly set, so 'script-src' is used as a fallback. The policy is report-only, so the violation has been logged but no further action has been taken. @ https://www.googletagmanager.com/gtag/js?id=G-TLW0DF6G5V&l=localGaDataLayer:223
[    3066ms] [INFO] Loading the script 'https://googleads.g.doubleclick.net/pagead/viewthroughconversion/316245675/?random=1777500685632&cv=11&fst=1777500685632&bg=ffffff&guid=ON&async=1&en=gtag.config&gtm=45be64s1v887153041za200zb880777354zd880777354xec&gcd=13l3l3l3l1l1&dma=0&tag_exp=0~115616986~115938465~115938468~116363097~117266400~117384406~118463261&u_w=1280&u_h=900&url=https%3A%2F%2Fsubstack.com%2Fsession-attribution-frame&ref=https%3A%2F%2Flatentmind.substack.com%2F&top=https%3A%2F%2Flatentmind.substack.com%2F&rcb=16&frm=2&hn=www.googleadservices.com&npa=0&pscdl=noapi&auid=1461005416.1777500685&uaa=arm&uab=64&uafvl=Google%2520Chrome%3B147.0.7727.119%7CNot.A%252FBrand%3B8.0.0.0%7CChromium%3B147.0.7727.119&uamb=0&uam=&uap=macOS&uapv=26.3.1&uaw=0&data=event%3Dgtag.config&rfmt=3&fmt=4' violates the following Content Security Policy directive: "script-src 'unsafe-inline' 'unsafe-eval'". Note that 'script-src-elem' was not explicitly set, so 'script-src' is used as a fallback. The policy is report-only, so the violation has been logged but no further action has been taken. @ https://www.googletagmanager.com/gtag/js?id=AW-316245675&l=localGaDataLayer&cx=c&gtm=4e64s1:145
[    3066ms] [INFO] Connecting to 'https://www.google.com/rmkt/collect/316245675/?random=1777500685632&cv=11&fst=1777500685632&fmt=8&bg=ffffff&guid=ON&async=1&en=gtag.config&gtm=45be64s1v887153041za200zb880777354zd880777354xec&gcd=13l3l3l3l1l1&dma=0&tag_exp=0~115616986~115938465~115938468~116363097~117266400~117384406~118463261&u_w=1280&u_h=900&url=https%3A%2F%2Fsubstack.com%2Fsession-attribution-frame&ref=https%3A%2F%2Flatentmind.substack.com%2F&top=https%3A%2F%2Flatentmind.substack.com%2F&rcb=16&frm=2&hn=www.googleadservices.com&npa=0&pscdl=noapi&auid=1461005416.1777500685&uaa=arm&uab=64&uafvl=Google%2520Chrome%3B147.0.7727.119%7CNot.A%252FBrand%3B8.0.0.0%7CChromium%3B147.0.7727.119&uamb=0&uam=&uap=macOS&uapv=26.3.1&uaw=0&data=event%3Dgtag.config&gcp=5' violates the following Content Security Policy directive: "connect-src 'none'". The policy is report-only, so the violation has been logged but no further action has been taken. @ https://www.datadoghq-browser-agent.com/us1/v5/datadog-rum.js:0
[    3067ms] [INFO] Connecting to 'https://www.google.com/rmkt/collect/316245675/?random=1777500685632&cv=11&fst=1777500685632&fmt=8&bg=ffffff&guid=ON&async=1&en=gtag.config&gtm=45be64s1v887153041za200zb880777354zd880777354xec&gcd=13l3l3l3l1l1&dma=0&tag_exp=0~115616986~115938465~115938468~116363097~117266400~117384406~118463261&u_w=1280&u_h=900&url=https%3A%2F%2Fsubstack.com%2Fsession-attribution-frame&ref=https%3A%2F%2Flatentmind.substack.com%2F&top=https%3A%2F%2Flatentmind.substack.com%2F&rcb=16&frm=2&hn=www.googleadservices.com&npa=0&pscdl=noapi&auid=1461005416.1777500685&uaa=arm&uab=64&uafvl=Google%2520Chrome%3B147.0.7727.119%7CNot.A%252FBrand%3B8.0.0.0%7CChromium%3B147.0.7727.119&uamb=0&uam=&uap=macOS&uapv=26.3.1&uaw=0&data=event%3Dgtag.config&gcp=5' violates the following Content Security Policy directive: "connect-src 'none'". The policy is report-only, so the violation has been logged but no further action has been taken. @ https://www.datadoghq-browser-agent.com/us1/v5/datadog-rum.js:0
[    3067ms] [INFO] Connecting to 'https://www.google.com/ccm/collect?rcb=16&frm=2&en=page_view&dr=latentmind.substack.com&dl=https%3A%2F%2Fsubstack.com%2Fsession-attribution-frame&top=https%3A%2F%2Flatentmind.substack.com%2F&scrsrc=www.googletagmanager.com&rnd=981039407.1777500686&auid=1461005416.1777500685&navt=n&npa=0&gtm=45be64s1v887153041za200zb880777354zd880777354xec&gcd=13l3l3l3l1l1&dma=0&tag_exp=0~115616986~115938465~115938468~116363097~117266400~117384406~118463261&apve=1&apvf=f&apvc=1&tids=AW-316245675&tid=AW-316245675&tft=1777500685642&tfd=1597' violates the following Content Security Policy directive: "connect-src 'none'". The policy is report-only, so the violation has been logged but no further action has been taken. @ https://www.datadoghq-browser-agent.com/us1/v5/datadog-rum.js:0
[    3068ms] [INFO] Connecting to 'https://www.google.com/ccm/collect?rcb=16&frm=2&en=page_view&dr=latentmind.substack.com&dl=https%3A%2F%2Fsubstack.com%2Fsession-attribution-frame&top=https%3A%2F%2Flatentmind.substack.com%2F&scrsrc=www.googletagmanager.com&rnd=981039407.1777500686&auid=1461005416.1777500685&navt=n&npa=0&gtm=45be64s1v887153041za200zb880777354zd880777354xec&gcd=13l3l3l3l1l1&dma=0&tag_exp=0~115616986~115938465~115938468~116363097~117266400~117384406~118463261&apve=1&apvf=f&apvc=1&tids=AW-316245675&tid=AW-316245675&tft=1777500685642&tfd=1597' violates the following Content Security Policy directive: "connect-src 'none'". The policy is report-only, so the violation has been logged but no further action has been taken. @ https://www.datadoghq-browser-agent.com/us1/v5/datadog-rum.js:0
